TN:
SF:src/modules/users/useCases/AuthenticateUserUseCase.ts
FN:110,Object.<anonymous>
FN:110,Object.<anonymous>.__decorate
FN:110,Object.<anonymous>.__metadata
FN:110,Object.<anonymous>.__param
FN:110,Object.<anonymous>.__importDefault
FN:22,AuthenticateUserUseCase
FN:33,execute
FNF:7
FNH:7
FNDA:1,Object.<anonymous>
FNDA:1,Object.<anonymous>.__decorate
FNDA:1,Object.<anonymous>.__metadata
FNDA:3,Object.<anonymous>.__param
FNDA:2,Object.<anonymous>.__importDefault
FNDA:1,AuthenticateUserUseCase
FNDA:4,execute
DA:1,1
DA:2,1
DA:3,1
DA:4,1
DA:5,1
DA:6,1
DA:7,1
DA:8,1
DA:9,1
DA:10,1
DA:11,1
DA:12,1
DA:13,1
DA:14,1
DA:15,1
DA:16,1
DA:17,1
DA:18,1
DA:19,1
DA:20,1
DA:21,1
DA:22,1
DA:23,1
DA:24,1
DA:25,1
DA:26,1
DA:27,1
DA:28,1
DA:29,1
DA:30,1
DA:31,1
DA:32,1
DA:33,1
DA:34,4
DA:35,4
DA:36,4
DA:37,4
DA:38,4
DA:39,4
DA:40,4
DA:41,4
DA:42,4
DA:43,4
DA:44,4
DA:45,4
DA:46,4
DA:47,4
DA:48,4
DA:49,4
DA:50,4
DA:51,2
DA:52,2
DA:53,2
DA:54,2
DA:55,2
DA:56,2
DA:57,2
DA:58,2
DA:59,2
DA:60,2
DA:61,2
DA:62,2
DA:63,2
DA:64,2
DA:65,2
DA:66,2
DA:67,2
DA:68,2
DA:69,2
DA:70,2
DA:71,2
DA:72,2
DA:73,2
DA:74,2
DA:75,2
DA:76,2
DA:77,4
DA:78,1
DA:79,1
DA:80,1
DA:81,1
DA:82,1
DA:83,1
DA:84,1
DA:85,1
DA:86,1
DA:87,1
DA:88,1
DA:89,1
DA:90,1
DA:91,1
DA:92,1
DA:93,1
DA:94,1
DA:95,1
DA:96,1
DA:97,1
DA:98,1
DA:99,1
DA:100,1
DA:101,1
DA:102,1
DA:103,1
DA:104,1
DA:105,1
DA:106,1
DA:107,0
DA:108,1
DA:109,1
DA:110,1
LF:110
LH:109
BRDA:110,0,0,1
BRDA:110,1,0,1
BRDA:110,2,0,1
BRDA:110,3,0,0
BRDA:110,4,0,0
BRDA:110,5,0,0
BRDA:110,6,0,0
BRDA:110,7,0,1
BRDA:110,8,0,3
BRDA:110,9,0,3
BRDA:110,10,0,2
BRDA:110,11,0,0
BRDA:22,12,0,1
BRDA:33,13,0,4
BRDA:50,14,0,2
BRDA:77,15,0,1
BRDA:106,16,0,0
BRF:17
BRH:11
end_of_record
TN:
SF:src/modules/users/useCases/CheckIfUserExistsUseCase.ts
FN:44,Object.<anonymous>
FN:44,Object.<anonymous>.__decorate
FN:44,Object.<anonymous>.__metadata
FN:44,Object.<anonymous>.__param
FN:14,CheckIfUserExistsUseCase
FN:21,execute
FNF:6
FNH:6
FNDA:1,Object.<anonymous>
FNDA:1,Object.<anonymous>.__decorate
FNDA:1,Object.<anonymous>.__metadata
FNDA:2,Object.<anonymous>.__param
FNDA:2,CheckIfUserExistsUseCase
FNDA:2,execute
DA:1,1
DA:2,1
DA:3,1
DA:4,1
DA:5,1
DA:6,1
DA:7,1
DA:8,1
DA:9,1
DA:10,1
DA:11,1
DA:12,1
DA:13,1
DA:14,1
DA:15,2
DA:16,2
DA:17,2
DA:18,2
DA:19,2
DA:20,1
DA:21,1
DA:22,2
DA:23,2
DA:24,2
DA:25,2
DA:26,2
DA:27,2
DA:28,2
DA:29,1
DA:30,1
DA:31,1
DA:32,1
DA:33,1
DA:34,1
DA:35,1
DA:36,1
DA:37,1
DA:38,1
DA:39,1
DA:40,1
DA:41,0
DA:42,1
DA:43,1
DA:44,1
LF:44
LH:43
BRDA:44,0,0,1
BRDA:44,1,0,1
BRDA:44,2,0,1
BRDA:44,3,0,0
BRDA:44,4,0,0
BRDA:44,5,0,0
BRDA:44,6,0,0
BRDA:44,7,0,1
BRDA:44,8,0,2
BRDA:44,9,0,2
BRDA:14,10,0,2
BRDA:21,11,0,2
BRDA:28,12,0,1
BRDA:40,13,0,0
BRF:14
BRH:9
end_of_record
TN:
SF:src/modules/users/useCases/ShowUserUseCase.ts
FN:58,Object.<anonymous>
FN:58,Object.<anonymous>.__decorate
FN:58,Object.<anonymous>.__metadata
FN:58,Object.<anonymous>.__param
FN:58,Object.<anonymous>.__importDefault
FN:17,ShowUserUseCase
FN:22,execute
FNF:7
FNH:7
FNDA:1,Object.<anonymous>
FNDA:1,Object.<anonymous>.__decorate
FNDA:1,Object.<anonymous>.__metadata
FNDA:1,Object.<anonymous>.__param
FNDA:2,Object.<anonymous>.__importDefault
FNDA:1,ShowUserUseCase
FNDA:2,execute
DA:1,1
DA:2,1
DA:3,1
DA:4,1
DA:5,1
DA:6,1
DA:7,1
DA:8,1
DA:9,1
DA:10,1
DA:11,1
DA:12,1
DA:13,1
DA:14,1
DA:15,1
DA:16,1
DA:17,1
DA:18,1
DA:19,1
DA:20,1
DA:21,1
DA:22,1
DA:23,2
DA:24,2
DA:25,2
DA:26,2
DA:27,2
DA:28,2
DA:29,2
DA:30,2
DA:31,2
DA:32,2
DA:33,2
DA:34,2
DA:35,2
DA:36,2
DA:37,2
DA:38,2
DA:39,1
DA:40,1
DA:41,1
DA:42,1
DA:43,1
DA:44,1
DA:45,1
DA:46,1
DA:47,1
DA:48,1
DA:49,1
DA:50,1
DA:51,1
DA:52,1
DA:53,1
DA:54,1
DA:55,0
DA:56,1
DA:57,1
DA:58,1
LF:58
LH:57
BRDA:58,0,0,1
BRDA:58,1,0,1
BRDA:58,2,0,1
BRDA:58,3,0,0
BRDA:58,4,0,0
BRDA:58,5,0,0
BRDA:58,6,0,0
BRDA:58,7,0,1
BRDA:58,8,0,1
BRDA:58,9,0,1
BRDA:58,10,0,2
BRDA:58,11,0,0
BRDA:17,12,0,1
BRDA:22,13,0,2
BRDA:38,14,0,1
BRDA:54,15,0,0
BRF:16
BRH:10
end_of_record
